Using pre-set license
Built from '2020.3/staging' branch; Version is '2020.3.4f1 (0abb6314276a) revision 703331'; Using compiler version '192528614'; Build Type 'Release'
OS: 'Windows 10 Pro; OS build 21996.1; Version 2009; 64bit' Language: 'en' Physical Memory: 32691 MB
BatchMode: 1, IsHumanControllingUs: 0, StartBugReporterOnCrash: 0, Is64bit: 1, IsPro: 0

 COMMAND LINE ARGUMENTS:
C:\Program Files\Unity\Hub\Editor\2020.3.4f1\Editor\Unity.exe
-adb2
-batchMode
-noUpm
-name
AssetImportWorker0
-projectPath
D:/Game Dev GameJams/Brackeys GameJam/2021/Office-Rush/Office Rush
-logFile
Logs/AssetImportWorker0.log
-srvPort
57955
Successfully changed project path to: D:/Game Dev GameJams/Brackeys GameJam/2021/Office-Rush/Office Rush
D:/Game Dev GameJams/Brackeys GameJam/2021/Office-Rush/Office Rush
Using Asset Import Pipeline V2.
Refreshing native plugins compatible for Editor in 34.67 ms, found 1 plugins.
Preloading 0 native plugins for Editor in 0.00 ms.
Initialize engine version: 2020.3.4f1 (0abb6314276a)
[Subsystems] Discovering subsystems at path C:/Program Files/Unity/Hub/Editor/2020.3.4f1/Editor/Data/Resources/UnitySubsystems
[Subsystems] Discovering subsystems at path D:/Game Dev GameJams/Brackeys GameJam/2021/Office-Rush/Office Rush/Assets
GfxDevice: creating device client; threaded=0
Direct3D:
    Version:  Direct3D 11.0 [level 11.1]
    Renderer: NVIDIA GeForce GTX 1070 (ID=0x1ba1)
    Vendor:   
    VRAM:     8082 MB
    Driver:   30.0.14.7168
Initialize mono
Mono path[0] = 'C:/Program Files/Unity/Hub/Editor/2020.3.4f1/Editor/Data/Managed'
Mono path[1] = 'C:/Program Files/Unity/Hub/Editor/2020.3.4f1/Editor/Data/MonoBleedingEdge/lib/mono/unityjit'
Mono config path = 'C:/Program Files/Unity/Hub/Editor/2020.3.4f1/Editor/Data/MonoBleedingEdge/etc'
Using monoOptions --debugger-agent=transport=dt_socket,embedding=1,server=y,suspend=n,address=127.0.0.1:56464
Begin MonoManager ReloadAssembly
Registering precompiled unity dll's ...
Register platform support module: C:/Program Files/Unity/Hub/Editor/2020.3.4f1/Editor/Data/PlaybackEngines/WebGLSupport/UnityEditor.WebGL.Extensions.dll
Register platform support module: C:/Program Files/Unity/Hub/Editor/2020.3.4f1/Editor/Data/PlaybackEngines/WindowsStandaloneSupport/UnityEditor.WindowsStandalone.Extensions.dll
Registered in 0.003026 seconds.
Native extension for WindowsStandalone target not found
Native extension for WebGL target not found
Refreshing native plugins compatible for Editor in 33.58 ms, found 1 plugins.
Preloading 0 native plugins for Editor in 0.00 ms.
Mono: successfully reloaded assembly
- Completed reload, in  2.238 seconds
Platform modules already initialized, skipping
Registering precompiled user dll's ...
Registered in 0.001002 seconds.
Begin MonoManager ReloadAssembly
Native extension for WindowsStandalone target not found
Native extension for WebGL target not found
Refreshing native plugins compatible for Editor in 33.40 ms, found 1 plugins.
Preloading 0 native plugins for Editor in 0.00 ms.
Mono: successfully reloaded assembly
- Completed reload, in  0.886 seconds
Platform modules already initialized, skipping
========================================================================
Worker process is ready to serve import requests
Launched and connected shader compiler UnityShaderCompiler.exe after 0.05 seconds
Refreshing native plugins compatible for Editor in 0.32 ms, found 1 plugins.
Preloading 0 native plugins for Editor in 0.00 ms.
Unloading 1814 Unused Serialized files (Serialized files now loaded: 0)
System memory in use before: 85.0 MB.
System memory in use after: 85.0 MB.

Unloading 24 unused Assets to reduce memory usage. Loaded Objects now: 2257.
Total: 2.896100 ms (FindLiveObjects: 0.260800 ms CreateObjectMapping: 0.080900 ms MarkObjects: 2.413100 ms  DeleteObjects: 0.140000 ms)

========================================================================
Received Import Request.
  path: Assets/Scenes/MainScene.unity
  artifactKey: Guid(8fd1ef7556f57c047be402bb90205afb) Importer(815301076,1909f56bfc062723c751e8b465ee728b)
Start importing Assets/Scenes/MainScene.unity using Guid(8fd1ef7556f57c047be402bb90205afb) Importer(815301076,1909f56bfc062723c751e8b465ee728b)  -> (artifact id: 'c96a5ff8a023de037e75aeddd595759d') in 0.012660 seconds
  Import took 0.015501 seconds .

========================================================================
Received Import Request.
  Time since last request: 7.868923 seconds.
  path: Assets/Scenes/WayPoint.prefab
  artifactKey: Guid(68c391c2b1db86f4a896889af366e93c) Importer(815301076,1909f56bfc062723c751e8b465ee728b)
Start importing Assets/Scenes/WayPoint.prefab using Guid(68c391c2b1db86f4a896889af366e93c) Importer(815301076,1909f56bfc062723c751e8b465ee728b)  -> (artifact id: 'cbfaa8c6bf389ea5528f534ba7c975f9') in 0.108713 seconds
  Import took 0.111359 seconds .

========================================================================
Received Prepare
Registering precompiled user dll's ...
Registered in 0.000952 seconds.
Begin MonoManager ReloadAssembly
Native extension for WindowsStandalone target not found
Native extension for WebGL target not found
Refreshing native plugins compatible for Editor in 0.31 ms, found 1 plugins.
Preloading 0 native plugins for Editor in 0.00 ms.
Mono: successfully reloaded assembly
- Completed reload, in  0.816 seconds
Platform modules already initialized, skipping
Refreshing native plugins compatible for Editor in 0.32 ms, found 1 plugins.
Preloading 0 native plugins for Editor in 0.00 ms.
Unloading 1809 Unused Serialized files (Serialized files now loaded: 0)
System memory in use before: 88.1 MB.
System memory in use after: 88.0 MB.

Unloading 12 unused Assets to reduce memory usage. Loaded Objects now: 2268.
Total: 2.033500 ms (FindLiveObjects: 0.165400 ms CreateObjectMapping: 0.060400 ms MarkObjects: 1.672200 ms  DeleteObjects: 0.134600 ms)

========================================================================
Received Prepare
Registering precompiled user dll's ...
Registered in 0.001006 seconds.
Begin MonoManager ReloadAssembly
Native extension for WindowsStandalone target not found
Native extension for WebGL target not found
Refreshing native plugins compatible for Editor in 0.33 ms, found 1 plugins.
Preloading 0 native plugins for Editor in 0.00 ms.
Mono: successfully reloaded assembly
- Completed reload, in  0.799 seconds
Platform modules already initialized, skipping
Refreshing native plugins compatible for Editor in 0.34 ms, found 1 plugins.
Preloading 0 native plugins for Editor in 0.00 ms.
Unloading 1809 Unused Serialized files (Serialized files now loaded: 0)
System memory in use before: 88.1 MB.
System memory in use after: 88.1 MB.

Unloading 12 unused Assets to reduce memory usage. Loaded Objects now: 2272.
Total: 2.145000 ms (FindLiveObjects: 0.190500 ms CreateObjectMapping: 0.075600 ms MarkObjects: 1.778900 ms  DeleteObjects: 0.099100 ms)

========================================================================
Received Import Request.
  Time since last request: 325.796899 seconds.
  path: Assets/Scenes/WayPoint.prefab
  artifactKey: Guid(68c391c2b1db86f4a896889af366e93c) Importer(815301076,1909f56bfc062723c751e8b465ee728b)
Start importing Assets/Scenes/WayPoint.prefab using Guid(68c391c2b1db86f4a896889af366e93c) Importer(815301076,1909f56bfc062723c751e8b465ee728b)  -> (artifact id: 'f5ade6597659757a75e118aadd011543') in 0.049884 seconds
  Import took 0.052789 seconds .

========================================================================
Received Import Request.
  Time since last request: 6.171403 seconds.
  path: Assets/Scenes/MainScene.unity
  artifactKey: Guid(8fd1ef7556f57c047be402bb90205afb) Importer(815301076,1909f56bfc062723c751e8b465ee728b)
Start importing Assets/Scenes/MainScene.unity using Guid(8fd1ef7556f57c047be402bb90205afb) Importer(815301076,1909f56bfc062723c751e8b465ee728b)  -> (artifact id: '332b6f2965745c65c1f0eb82510f57c4') in 0.002555 seconds
  Import took 0.005156 seconds .

========================================================================
Received Import Request.
  Time since last request: 238.631086 seconds.
  path: Assets/Scripts/WayPointScript.cs
  artifactKey: Guid(0ea706179d993d14d9d865cee2f41941) Importer(815301076,1909f56bfc062723c751e8b465ee728b)
Start importing Assets/Scripts/WayPointScript.cs using Guid(0ea706179d993d14d9d865cee2f41941) Importer(815301076,1909f56bfc062723c751e8b465ee728b)  -> (artifact id: 'ce4de68d86f04947d7130456372898e3') in 0.011784 seconds
  Import took 0.015047 seconds .

========================================================================
Received Prepare
Registering precompiled user dll's ...
Registered in 0.001103 seconds.
Begin MonoManager ReloadAssembly
Native extension for WindowsStandalone target not found
Native extension for WebGL target not found
Refreshing native plugins compatible for Editor in 0.36 ms, found 1 plugins.
Preloading 0 native plugins for Editor in 0.00 ms.
Mono: successfully reloaded assembly
- Completed reload, in  0.895 seconds
Platform modules already initialized, skipping
Refreshing native plugins compatible for Editor in 0.35 ms, found 1 plugins.
Preloading 0 native plugins for Editor in 0.00 ms.
Unloading 1809 Unused Serialized files (Serialized files now loaded: 0)
System memory in use before: 88.1 MB.
System memory in use after: 88.1 MB.

Unloading 12 unused Assets to reduce memory usage. Loaded Objects now: 2277.
Total: 2.004600 ms (FindLiveObjects: 0.163600 ms CreateObjectMapping: 0.061100 ms MarkObjects: 1.670700 ms  DeleteObjects: 0.108100 ms)

========================================================================
Received Import Request.
  Time since last request: 827.123923 seconds.
  path: Assets/Sprites
  artifactKey: Guid(0cb120b7b4525ce4889b29a67461d724) Importer(815301076,1909f56bfc062723c751e8b465ee728b)
Start importing Assets/Sprites using Guid(0cb120b7b4525ce4889b29a67461d724) Importer(815301076,1909f56bfc062723c751e8b465ee728b)  -> (artifact id: 'ec67347db93d29fe559f95a8648299f5') in 0.006533 seconds
  Import took 0.009822 seconds .

========================================================================
Received Import Request.
  Time since last request: 0.001102 seconds.
  path: Assets/Sprites
  artifactKey: Guid(0cb120b7b4525ce4889b29a67461d724) Importer(815301076,1909f56bfc062723c751e8b465ee728b)
Start importing Assets/Sprites using Guid(0cb120b7b4525ce4889b29a67461d724) Importer(815301076,1909f56bfc062723c751e8b465ee728b)  -> (artifact id: 'ec67347db93d29fe559f95a8648299f5') in 0.001868 seconds
  Import took 0.004789 seconds .

AssetImportWorkerClient::OnTransportError - code=2 error=End of file
